<?xml version="1.0" encoding="UTF-8" ?>
<testsuite tests="29" failures="0" name="CucumberJUnitTests.RunCukesTest" time="13.424" errors="0" skipped="0">
  <properties>
    <property name="java.runtime.name" value="Java(TM) SE Runtime Environment"/>
    <property name="cucumber.options" value="-p progress --add-plugin html:C:/WIP/ValtechQAAutomationChallenge/Output/FullTestSuite --snippets camelcase -g step_definitions features"/>
    <property name="sun.boot.library.path" value="C:\Program Files\Java\jdk1.8.0_131\jre\bin"/>
    <property name="java.vm.version" value="25.131-b11"/>
    <property name="highlightElementsAsWeUseThem" value="true"/>
    <property name="java.vm.vendor" value="Oracle Corporation"/>
    <property name="maven.multiModuleProjectDirectory" value="C:\WIP\ValtechQAAutomationChallenge\Project"/>
    <property name="java.vendor.url" value="http://java.oracle.com/"/>
    <property name="path.separator" value=";"/>
    <property name="guice.disable.misplaced.annotation.check" value="true"/>
    <property name="java.vm.name" value="Java HotSpot(TM) 64-Bit Server VM"/>
    <property name="file.encoding.pkg" value="sun.io"/>
    <property name="user.script" value=""/>
    <property name="user.country" value="GB"/>
    <property name="sun.java.launcher" value="SUN_STANDARD"/>
    <property name="sun.os.patch.level" value="Service Pack 1"/>
    <property name="java.vm.specification.name" value="Java Virtual Machine Specification"/>
    <property name="user.dir" value="C:\WIP\ValtechQAAutomationChallenge\Project"/>
    <property name="java.runtime.version" value="1.8.0_131-b11"/>
    <property name="showProgressNotifications" value="true"/>
    <property name="java.awt.graphicsenv" value="sun.awt.Win32GraphicsEnvironment"/>
    <property name="java.endorsed.dirs" value="C:\Program Files\Java\jdk1.8.0_131\jre\lib\endorsed"/>
    <property name="os.arch" value="amd64"/>
    <property name="java.io.tmpdir" value="C:\Users\PETER~1.GAL\AppData\Local\Temp\"/>
    <property name="line.separator" value="
"/>
    <property name="java.vm.specification.vendor" value="Oracle Corporation"/>
    <property name="external.configuration" value="../current.test.properties"/>
    <property name="user.variant" value=""/>
    <property name="os.name" value="Windows 7"/>
    <property name="classworlds.conf" value="C:\WIP\ValtechQAAutomationChallenge\apache-maven-3.5.0\bin\..\bin\m2.conf"/>
    <property name="sun.jnu.encoding" value="Cp1252"/>
    <property name="testRunRootDirectory" value="C:\WIP\ValtechQAAutomationChallenge\Output\FullTestSuite"/>
    <property name="java.library.path" value="C:\Program Files\Java\jdk1.8.0_131\bin;C:\Windows\Sun\Java\bin;C:\Windows\system32;C:\Windows;C:\ProgramData\Oracle\Java\javapath;C:\Program Files (x86)\AMD APP\bin\x86_64;C:\Program Files (x86)\AMD APP\bin\x86;C:\Windows\system32;C:\Windows;C:\Windows\System32\Wbem;C:\Windows\System32\WindowsPowerShell\v1.0\;C:\Program Files (x86)\ATI Technologies\ATI.ACE\Core-Static;C:\Program Files\Java\jdk1.8.0_131\bin;C:\WIP\apache-maven-3.5.0\bin;C:\Users\peter.gale\AppData\Local\GitHubDesktop\bin;."/>
    <property name="maven.conf" value="C:\WIP\ValtechQAAutomationChallenge\apache-maven-3.5.0\bin\../conf"/>
    <property name="java.class.version" value="52.0"/>
    <property name="java.specification.name" value="Java Platform API Specification"/>
    <property name="environment.configuration" value="src/test/resources/website/test.environment.system.properties"/>
    <property name="sun.management.compiler" value="HotSpot 64-Bit Tiered Compilers"/>
    <property name="os.version" value="6.1"/>
    <property name="library.jansi.path" value="C:\WIP\ValtechQAAutomationChallenge\apache-maven-3.5.0\bin\..\lib\jansi-native\windows64"/>
    <property name="user.home" value="C:\Users\peter.gale"/>
    <property name="user.timezone" value="Europe/London"/>
    <property name="java.awt.printerjob" value="sun.awt.windows.WPrinterJob"/>
    <property name="java.specification.version" value="1.8"/>
    <property name="file.encoding" value="Cp1252"/>
    <property name="user.name" value="Peter.Gale"/>
    <property name="java.class.path" value="C:\WIP\ValtechQAAutomationChallenge\apache-maven-3.5.0\bin\..\boot\plexus-classworlds-2.5.2.jar"/>
    <property name="java.vm.specification.version" value="1.8"/>
    <property name="takeScreenshots" value="true"/>
    <property name="sun.arch.data.model" value="64"/>
    <property name="java.home" value="C:\Program Files\Java\jdk1.8.0_131\jre"/>
    <property name="sun.java.command" value="org.codehaus.plexus.classworlds.launcher.Launcher -Denvironment.configuration=src/test/resources/website/test.environment.system.properties -Dexternal.configuration=../current.test.properties -DtestRunRootDirectory=C:\WIP\ValtechQAAutomationChallenge\Output\FullTestSuite -DhighlightElementsAsWeUseThem=true -DshowProgressNotifications=true -DtakeScreenshots=true -DrecordAVideo=true clean test -Dcucumber.options=-p progress --add-plugin html:C:/WIP/ValtechQAAutomationChallenge/Output/FullTestSuite --snippets camelcase -g step_definitions features"/>
    <property name="java.specification.vendor" value="Oracle Corporation"/>
    <property name="user.language" value="en"/>
    <property name="awt.toolkit" value="sun.awt.windows.WToolkit"/>
    <property name="java.vm.info" value="mixed mode"/>
    <property name="java.version" value="1.8.0_131"/>
    <property name="java.ext.dirs" value="C:\Program Files\Java\jdk1.8.0_131\jre\lib\ext;C:\Windows\Sun\Java\lib\ext"/>
    <property name="sun.boot.class.path" value="C:\Program Files\Java\jdk1.8.0_131\jre\lib\resources.jar;C:\Program Files\Java\jdk1.8.0_131\jre\lib\rt.jar;C:\Program Files\Java\jdk1.8.0_131\jre\lib\sunrsasign.jar;C:\Program Files\Java\jdk1.8.0_131\jre\lib\jsse.jar;C:\Program Files\Java\jdk1.8.0_131\jre\lib\jce.jar;C:\Program Files\Java\jdk1.8.0_131\jre\lib\charsets.jar;C:\Program Files\Java\jdk1.8.0_131\jre\lib\jfr.jar;C:\Program Files\Java\jdk1.8.0_131\jre\classes"/>
    <property name="sun.stderr.encoding" value="cp850"/>
    <property name="java.vendor" value="Oracle Corporation"/>
    <property name="maven.home" value="C:\WIP\ValtechQAAutomationChallenge\apache-maven-3.5.0\bin\.."/>
    <property name="file.separator" value="\"/>
    <property name="java.vendor.url.bug" value="http://bugreport.sun.com/bugreport/"/>
    <property name="sun.cpu.endian" value="little"/>
    <property name="sun.io.unicode.encoding" value="UnicodeLittle"/>
    <property name="sun.stdout.encoding" value="cp850"/>
    <property name="recordAVideo" value="true"/>
    <property name="sun.desktop" value="windows"/>
    <property name="sun.cpu.isalist" value="amd64"/>
  </properties>
  <testcase classname="Scenario: Verify that the Valtech website is displaying" name="Given I define a user called &quot;The Website User&quot;" time="0.002"/>
  <testcase classname="Scenario: Verify that the Valtech website is displaying" name="And The Website User visits the Valtech website" time="0"/>
  <testcase classname="Scenario: Verify that the Valtech website is displaying" name="Then The Website User can verify that the Valtech website is displayed" time="0"/>
  <testcase classname="Scenario: Verify that the Valtech website is displaying" name="Scenario: Verify that the Valtech website is displaying" time="2.862"/>
  <testcase classname="Scenario: Verify that the &apos;Latest News&apos; section is displaying" name="Given I define a user called &quot;The Website User&quot;" time="0"/>
  <testcase classname="Scenario: Verify that the &apos;Latest News&apos; section is displaying" name="And The Website User visits the Valtech website" time="0"/>
  <testcase classname="Scenario: Verify that the &apos;Latest News&apos; section is displaying" name="Then The Website User can verify that the Latest News section is displayed" time="0"/>
  <testcase classname="Scenario: Verify that the &apos;Latest News&apos; section is displaying" name="Scenario: Verify that the &apos;Latest News&apos; section is displaying" time="2.122"/>
  <testcase classname="| About |" name="Given I define a user called &quot;The Website User&quot;" time="0"/>
  <testcase classname="| About |" name="And The Website User visits the Valtech website" time="0"/>
  <testcase classname="| About |" name="When The Website User navigates to the About Page" time="0"/>
  <testcase classname="| About |" name="Then The Website User can verify that the About Page is displayed" time="0"/>
  <testcase classname="| About |" name="| About |" time="2.036"/>
  <testcase classname="| Services |" name="Given I define a user called &quot;The Website User&quot;" time="0"/>
  <testcase classname="| Services |" name="And The Website User visits the Valtech website" time="0"/>
  <testcase classname="| Services |" name="When The Website User navigates to the Services Page" time="0"/>
  <testcase classname="| Services |" name="Then The Website User can verify that the Services Page is displayed" time="0"/>
  <testcase classname="| Services |" name="| Services |" time="2.044"/>
  <testcase classname="| Work |" name="Given I define a user called &quot;The Website User&quot;" time="0"/>
  <testcase classname="| Work |" name="And The Website User visits the Valtech website" time="0"/>
  <testcase classname="| Work |" name="When The Website User navigates to the Work Page" time="0"/>
  <testcase classname="| Work |" name="Then The Website User can verify that the Work Page is displayed" time="0"/>
  <testcase classname="| Work |" name="| Work |" time="2.127"/>
  <testcase classname="Scenario: Count the number of Valtech offices" name="Given I define a user called &quot;The Website User&quot;" time="0"/>
  <testcase classname="Scenario: Count the number of Valtech offices" name="And The Website User visits the Valtech website" time="0"/>
  <testcase classname="Scenario: Count the number of Valtech offices" name="When The Website User navigates to the Contact Page" time="0"/>
  <testcase classname="Scenario: Count the number of Valtech offices" name="And The Website User verifies that the Contact Page is displayed" time="0"/>
  <testcase classname="Scenario: Count the number of Valtech offices" name="Then The Website User can count the total number of Valtech offices" time="0"/>
  <testcase classname="Scenario: Count the number of Valtech offices" name="Scenario: Count the number of Valtech offices" time="2.231"/>
</testsuite>